This is pdfTeX, Version 3.14159265-2.6-1.40.16 (MiKTeX 2.9) (preloaded format=pdflatex 2016.3.2)  2 MAR 2016 12:59
entering extended mode
**./MosquitoDroneHardware.tex
(MosquitoDroneHardware.tex
LaTeX2e <2015/10/01> patch level 2
Babel <3.9n> and hyphenation patterns for 69 languages loaded.
(ieeeconf.cls

LaTeX Warning: You have requested document class `ieeeconf',
               but the document class provides `cssconf'.

Document Class: cssconf 2004/1/15 revision V1.6b by Pradeep Misra
\@IEEEtrantmpdimenA=\dimen102
\@IEEEtrantmpdimenB=\dimen103
\@IEEEtrantmpcountA=\count79
\@IEEEtrantmpcountB=\count80
\@IEEEtrantmptoksA=\toks14
LaTeX Font Info:    Try loading font information for OT1+ptm on input line 794.

("C:\Program Files (x86)\MiKTeX 2.9\tex\latex\psnfss\ot1ptm.fd"
File: ot1ptm.fd 2001/06/04 font definitions for OT1/ptm.
)
\@IEEEnormalsizefontbaselineskip=\skip41

-- This is a 10 point document.
\normalsizebaselineskip=\skip42
\normaljot=\skip43
LaTeX Font Info:    Font shape `OT1/ptm/bx/n' in size <5> not available
(Font)              Font shape `OT1/ptm/b/n' tried instead on input line 1113.
LaTeX Font Info:    Font shape `OT1/ptm/bx/it' in size <5> not available
(Font)              Font shape `OT1/ptm/b/it' tried instead on input line 1113.

LaTeX Font Info:    Font shape `OT1/ptm/bx/n' in size <7> not available
(Font)              Font shape `OT1/ptm/b/n' tried instead on input line 1113.
LaTeX Font Info:    Font shape `OT1/ptm/bx/it' in size <7> not available
(Font)              Font shape `OT1/ptm/b/it' tried instead on input line 1113.

LaTeX Font Info:    Font shape `OT1/ptm/bx/n' in size <8> not available
(Font)              Font shape `OT1/ptm/b/n' tried instead on input line 1113.
LaTeX Font Info:    Font shape `OT1/ptm/bx/it' in size <8> not available
(Font)              Font shape `OT1/ptm/b/it' tried instead on input line 1113.

LaTeX Font Info:    Font shape `OT1/ptm/bx/n' in size <9> not available
(Font)              Font shape `OT1/ptm/b/n' tried instead on input line 1113.
LaTeX Font Info:    Font shape `OT1/ptm/bx/it' in size <9> not available
(Font)              Font shape `OT1/ptm/b/it' tried instead on input line 1113.

LaTeX Font Info:    Font shape `OT1/ptm/bx/n' in size <10> not available
(Font)              Font shape `OT1/ptm/b/n' tried instead on input line 1113.
LaTeX Font Info:    Font shape `OT1/ptm/bx/it' in size <10> not available
(Font)              Font shape `OT1/ptm/b/it' tried instead on input line 1113.

LaTeX Font Info:    Font shape `OT1/ptm/bx/n' in size <11> not available
(Font)              Font shape `OT1/ptm/b/n' tried instead on input line 1113.
LaTeX Font Info:    Font shape `OT1/ptm/bx/it' in size <11> not available
(Font)              Font shape `OT1/ptm/b/it' tried instead on input line 1113.

LaTeX Font Info:    Font shape `OT1/ptm/bx/n' in size <12> not available
(Font)              Font shape `OT1/ptm/b/n' tried instead on input line 1113.
LaTeX Font Info:    Font shape `OT1/ptm/bx/it' in size <12> not available
(Font)              Font shape `OT1/ptm/b/it' tried instead on input line 1113.

LaTeX Font Info:    Font shape `OT1/ptm/bx/n' in size <16> not available
(Font)              Font shape `OT1/ptm/b/n' tried instead on input line 1113.
LaTeX Font Info:    Font shape `OT1/ptm/bx/it' in size <16> not available
(Font)              Font shape `OT1/ptm/b/it' tried instead on input line 1113.

LaTeX Font Info:    Font shape `OT1/ptm/bx/n' in size <20> not available
(Font)              Font shape `OT1/ptm/b/n' tried instead on input line 1113.
LaTeX Font Info:    Font shape `OT1/ptm/bx/it' in size <20> not available
(Font)              Font shape `OT1/ptm/b/it' tried instead on input line 1113.

LaTeX Font Info:    Font shape `OT1/ptm/bx/n' in size <24> not available
(Font)              Font shape `OT1/ptm/b/n' tried instead on input line 1113.
LaTeX Font Info:    Font shape `OT1/ptm/bx/it' in size <24> not available
(Font)              Font shape `OT1/ptm/b/it' tried instead on input line 1113.

\IEEEilabelindentA=\dimen104
\IEEEilabelindentB=\dimen105
\IEEEilabelindent=\dimen106
\IEEEelabelindent=\dimen107
\IEEEdlabelindent=\dimen108
\labelindent=\dimen109
\IEEEiednormlabelsep=\dimen110
\IEEEiedmathlabelsep=\dimen111
\IEEEiedtopsep=\skip44
\c@section=\count81
\c@subsection=\count82
\c@subsubsection=\count83
\c@paragraph=\count84
\c@IEEEsubequation=\count85
\abovecaptionskip=\skip45
\belowcaptionskip=\skip46
\c@figure=\count86
\c@table=\count87
\@IEEEeqnnumcols=\count88
\@IEEEeqncolcnt=\count89
\@IEEEtmpitemindent=\dimen112
\c@biography=\count90
\@IEEEtranrubishbin=\box26
)
** ATTENTION: Overriding command lockouts (line 9).
** ATTENTION: Overriding IEEE standard margins (line 12).
("C:\Program Files (x86)\MiKTeX 2.9\tex\latex\overpic\overpic.sty"
Package: overpic 2010/09/13 v0.53  Overwriting graphics

Package: overpic v0.53 <2010/09/13> (RN)
("C:\Program Files (x86)\MiKTeX 2.9\tex\latex\graphics\graphicx.sty"
Package: graphicx 2014/10/28 v1.0g Enhanced LaTeX Graphics (DPC,SPQR)

("C:\Program Files (x86)\MiKTeX 2.9\tex\latex\graphics\keyval.sty"
Package: keyval 2014/10/28 v1.15 key=value parser (DPC)
\KV@toks@=\toks15
)
("C:\Program Files (x86)\MiKTeX 2.9\tex\latex\graphics\graphics.sty"
Package: graphics 2014/10/28 v1.0p Standard LaTeX Graphics (DPC,SPQR)

("C:\Program Files (x86)\MiKTeX 2.9\tex\latex\graphics\trig.sty"
Package: trig 1999/03/16 v1.09 sin cos tan (DPC)
)
("C:\Program Files (x86)\MiKTeX 2.9\tex\latex\00miktex\graphics.cfg"
File: graphics.cfg 2007/01/18 v1.5 graphics configuration of teTeX/TeXLive
)
Package graphics Info: Driver file: pdftex.def on input line 94.

("C:\Program Files (x86)\MiKTeX 2.9\tex\latex\pdftex-def\pdftex.def"
File: pdftex.def 2011/05/27 v0.06d Graphics/color for pdfTeX

("C:\Program Files (x86)\MiKTeX 2.9\tex\generic\oberdiek\infwarerr.sty"
Package: infwarerr 2010/04/08 v1.3 Providing info/warning/error messages (HO)
)
("C:\Program Files (x86)\MiKTeX 2.9\tex\generic\oberdiek\ltxcmds.sty"
Package: ltxcmds 2011/11/09 v1.22 LaTeX kernel commands for general use (HO)
)
\Gread@gobject=\count91
))
\Gin@req@height=\dimen113
\Gin@req@width=\dimen114
)
("C:\Program Files (x86)\MiKTeX 2.9\tex\latex\eepic\epic.sty"
Enhancements to Picture Environment. Version 1.2 - Released June 1, 1986
\@@multicnt=\count92
\d@lta=\count93
\@delta=\dimen115
\@@delta=\dimen116
\@gridcnt=\count94
\@joinkind=\count95
\@dotgap=\dimen117
\@ddotgap=\dimen118
\@x@diff=\count96
\@y@diff=\count97
\x@diff=\dimen119
\y@diff=\dimen120
\@dotbox=\box27
\num@segments=\count98
\num@segmentsi=\count99
\@datafile=\read1
)
overpic: relative positioning in percent
) ("C:\Program Files (x86)\MiKTeX 2.9\tex\latex\amsmath\amsmath.sty"
Package: amsmath 2013/01/14 v2.14 AMS math features
\@mathmargin=\skip47

For additional information on amsmath, use the `?' option.
("C:\Program Files (x86)\MiKTeX 2.9\tex\latex\amsmath\amstext.sty"
Package: amstext 2000/06/29 v2.01

("C:\Program Files (x86)\MiKTeX 2.9\tex\latex\amsmath\amsgen.sty"
File: amsgen.sty 1999/11/30 v2.0
\@emptytoks=\toks16
\ex@=\dimen121
))
("C:\Program Files (x86)\MiKTeX 2.9\tex\latex\amsmath\amsbsy.sty"
Package: amsbsy 1999/11/29 v1.2d
\pmbraise@=\dimen122
)
("C:\Program Files (x86)\MiKTeX 2.9\tex\latex\amsmath\amsopn.sty"
Package: amsopn 1999/12/14 v2.01 operator names
)
\inf@bad=\count100
LaTeX Info: Redefining \frac on input line 210.
\uproot@=\count101
\leftroot@=\count102
LaTeX Info: Redefining \overline on input line 306.
\classnum@=\count103
\DOTSCASE@=\count104
LaTeX Info: Redefining \ldots on input line 378.
LaTeX Info: Redefining \dots on input line 381.
LaTeX Info: Redefining \cdots on input line 466.
\Mathstrutbox@=\box28
\strutbox@=\box29
\big@size=\dimen123
LaTeX Font Info:    Redeclaring font encoding OML on input line 566.
LaTeX Font Info:    Redeclaring font encoding OMS on input line 567.
\macc@depth=\count105
\c@MaxMatrixCols=\count106
\dotsspace@=\muskip10
\c@parentequation=\count107
\dspbrk@lvl=\count108
\tag@help=\toks17
\row@=\count109
\column@=\count110
\maxfields@=\count111
\andhelp@=\toks18
\eqnshift@=\dimen124
\alignsep@=\dimen125
\tagshift@=\dimen126
\tagwidth@=\dimen127
\totwidth@=\dimen128
\lineht@=\dimen129
\@envbody=\toks19
\multlinegap=\skip48
\multlinetaggap=\skip49
\mathdisplay@stack=\toks20
LaTeX Info: Redefining \[ on input line 2665.
LaTeX Info: Redefining \] on input line 2666.
)
("C:\Program Files (x86)\MiKTeX 2.9\tex\latex\xcolor\xcolor.sty"
Package: xcolor 2007/01/21 v2.11 LaTeX color extensions (UK)

("C:\Program Files (x86)\MiKTeX 2.9\tex\latex\00miktex\color.cfg"
File: color.cfg 2007/01/18 v1.5 color configuration of teTeX/TeXLive
)
Package xcolor Info: Driver file: pdftex.def on input line 225.

("C:\Program Files (x86)\MiKTeX 2.9\tex\latex\colortbl\colortbl.sty"
Package: colortbl 2012/02/13 v1.0a Color table columns (DPC)

("C:\Program Files (x86)\MiKTeX 2.9\tex\latex\tools\array.sty"
Package: array 2014/10/28 v2.4c Tabular extension package (FMi)
\col@sep=\dimen130
\extrarowheight=\dimen131
\NC@list=\toks21
\extratabsurround=\skip50
\backup@length=\skip51
)
\everycr=\toks22
\minrowclearance=\skip52
)
\rownum=\count112
Package xcolor Info: Model `cmy' substituted by `cmy0' on input line 1337.
Package xcolor Info: Model `hsb' substituted by `rgb' on input line 1341.
Package xcolor Info: Model `RGB' extended on input line 1353.
Package xcolor Info: Model `HTML' substituted by `rgb' on input line 1355.
Package xcolor Info: Model `Hsb' substituted by `hsb' on input line 1356.
Package xcolor Info: Model `tHsb' substituted by `hsb' on input line 1357.
Package xcolor Info: Model `HSB' substituted by `hsb' on input line 1358.
Package xcolor Info: Model `Gray' substituted by `gray' on input line 1359.
Package xcolor Info: Model `wave' substituted by `hsb' on input line 1360.
)
(MosquitoDroneHardware.aux

LaTeX Warning: Label `fig:SimulationResults' multiply defined.


LaTeX Warning: Label `fig:SimulationResults' multiply defined.

)
\openout1 = `MosquitoDroneHardware.aux'.

LaTeX Font Info:    Checking defaults for OML/cmm/m/it on input line 41.
LaTeX Font Info:    ... okay on input line 41.
LaTeX Font Info:    Checking defaults for T1/cmr/m/n on input line 41.
LaTeX Font Info:    ... okay on input line 41.
LaTeX Font Info:    Checking defaults for OT1/cmr/m/n on input line 41.
LaTeX Font Info:    ... okay on input line 41.
LaTeX Font Info:    Checking defaults for OMS/cmsy/m/n on input line 41.
LaTeX Font Info:    ... okay on input line 41.
LaTeX Font Info:    Checking defaults for OMX/cmex/m/n on input line 41.
LaTeX Font Info:    ... okay on input line 41.
LaTeX Font Info:    Checking defaults for U/cmr/m/n on input line 41.
LaTeX Font Info:    ... okay on input line 41.
 ("C:\Program Files (x86)\MiKTeX 2.9\tex\context\base\supp-pdf.mkii"
[Loading MPS to PDF converter (version 2006.09.02).]
\scratchcounter=\count113
\scratchdimen=\dimen132
\scratchbox=\box30
\nofMPsegments=\count114
\nofMParguments=\count115
\everyMPshowfont=\toks23
\MPscratchCnt=\count116
\MPscratchDim=\dimen133
\MPnumerator=\count117
\makeMPintoPDFobject=\count118
\everyMPtoPDFconversion=\toks24
)
LaTeX Font Info:    Try loading font information for OT1+pcr on input line 45.
 ("C:\Program Files (x86)\MiKTeX 2.9\tex\latex\psnfss\ot1pcr.fd"
File: ot1pcr.fd 2001/06/04 font definitions for OT1/pcr.
)
<./pictures/DroneAndNet.pdf, id=1, 722.7pt x 542.025pt>
File: ./pictures/DroneAndNet.pdf Graphic file (type pdf)

<use ./pictures/DroneAndNet.pdf>
Package pdftex.def Info: ./pictures/DroneAndNet.pdf used on input line 67.
(pdftex.def)             Requested size: 221.14479pt x 165.8591pt.

Overfull \hbox (1.88457pt too wide) in paragraph at lines 70--70
 [] 
 []

[1{C:/Users/Mary/AppData/Local/MiKTeX/2.9/pdftex/config/pdftex.map}


 <./pictures/DroneAndNet.pdf>]
<./pictures/Block_Diagram_RevC.pdf, id=93, 480.79625pt x 207.77625pt>
File: ./pictures/Block_Diagram_RevC.pdf Graphic file (type pdf)

<use ./pictures/Block_Diagram_RevC.pdf>
Package pdftex.def Info: ./pictures/Block_Diagram_RevC.pdf used on input line 1
04.
(pdftex.def)             Requested size: 221.14479pt x 95.56871pt.

<./pictures/CircuitDiagram.pdf, id=94, 722.7pt x 289.08pt>
File: ./pictures/CircuitDiagram.pdf Graphic file (type pdf)

<use ./pictures/CircuitDiagram.pdf>
Package pdftex.def Info: ./pictures/CircuitDiagram.pdf used on input line 115.
(pdftex.def)             Requested size: 245.71811pt x 98.28589pt.

Overfull \hbox (1.88457pt too wide) in paragraph at lines 123--123
[] 
 []


Overfull \hbox (1.88457pt too wide) in paragraph at lines 125--125
[] 
 []


Overfull \hbox (1.88457pt too wide) in paragraph at lines 132--132
[] 
 []

<./pictures/DroneConfigs.pdf, id=95, 722.7pt x 542.025pt>
File: ./pictures/DroneConfigs.pdf Graphic file (type pdf)

<use ./pictures/DroneConfigs.pdf>
Package pdftex.def Info: ./pictures/DroneConfigs.pdf used on input line 144.
(pdftex.def)             Requested size: 221.14479pt x 165.8591pt.
 [2 <./pictures/Block_Diagram_RevC.pdf> <./pictures/CircuitDiagram.pdf> <./pict
ures/DroneConfigs.pdf>]
Overfull \hbox (1.88457pt too wide) in paragraph at lines 164--164
[] 
 []

<./pictures/AngleVsSpeed.pdf, id=265, 722.7pt x 542.025pt>
File: ./pictures/AngleVsSpeed.pdf Graphic file (type pdf)

<use ./pictures/AngleVsSpeed.pdf>
Package pdftex.def Info: ./pictures/AngleVsSpeed.pdf used on input line 185.
(pdftex.def)             Requested size: 221.14479pt x 165.8591pt.
 [3 <./pictures/AngleVsSpeed.pdf>]
<./pictures/SImulationSetupTime0.pdf, id=672, 316.18124pt x 301.125pt>
File: ./pictures/SImulationSetupTime0.pdf Graphic file (type pdf)

<use ./pictures/SImulationSetupTime0.pdf>
Package pdftex.def Info: ./pictures/SImulationSetupTime0.pdf used on input line
 207.
(pdftex.def)             Requested size: 221.14479pt x 210.61604pt.

<./pictures/SImulationSetupEnd.pdf, id=673, 298.11375pt x 316.18124pt>
File: ./pictures/SImulationSetupEnd.pdf Graphic file (type pdf)

<use ./pictures/SImulationSetupEnd.pdf>
Package pdftex.def Info: ./pictures/SImulationSetupEnd.pdf used on input line 2
14.
(pdftex.def)             Requested size: 221.14479pt x 234.5494pt.

<./pictures/RandomPath.pdf, id=674, 301.125pt x 313.17pt>
File: ./pictures/RandomPath.pdf Graphic file (type pdf)

<use ./pictures/RandomPath.pdf>
Package pdftex.def Info: ./pictures/RandomPath.pdf used on input line 221.
(pdftex.def)             Requested size: 221.14479pt x 229.99797pt.

<./pictures/BoustrophedonPath.pdf, id=675, 289.08pt x 289.08pt>
File: ./pictures/BoustrophedonPath.pdf Graphic file (type pdf)

<use ./pictures/BoustrophedonPath.pdf>
Package pdftex.def Info: ./pictures/BoustrophedonPath.pdf used on input line 22
8.
(pdftex.def)             Requested size: 221.14479pt x 221.14546pt.

<./pictures/SimulationResults.pdf, id=676, 402.42534pt x 207.9264pt>
File: ./pictures/SimulationResults.pdf Graphic file (type pdf)

<use ./pictures/SimulationResults.pdf>
Package pdftex.def Info: ./pictures/SimulationResults.pdf used on input line 23
7.
(pdftex.def)             Requested size: 221.14479pt x 114.2615pt.

Overfull \hbox (1.88457pt too wide) in paragraph at lines 240--240
 [] 
 []


Overfull \hbox (1.88457pt too wide) in paragraph at lines 260--260
[] 
 []

File: ./pictures/SimulationResults.pdf Graphic file (type pdf)
<use ./pictures/SimulationResults.pdf>
Package pdftex.def Info: ./pictures/SimulationResults.pdf used on input line 26
4.
(pdftex.def)             Requested size: 221.14479pt x 114.2615pt.
File: ./pictures/SimulationResults.pdf Graphic file (type pdf)
 <use ./pictures/SimulationResults.pdf>
Package pdftex.def Info: ./pictures/SimulationResults.pdf used on input line 27
1.
(pdftex.def)             Requested size: 221.14479pt x 114.2615pt.

Overfull \hbox (1.88457pt too wide) in paragraph at lines 280--280
[] 
 []

[4 <./pictures/SImulationSetupTime0.pdf> <./pictures/SImulationSetupEnd.pdf> <.
/pictures/RandomPath.pdf>] (MosquitoDroneHardware.bbl [5 <./pictures/Boustrophe
donPath.pdf> <./pictures/SimulationResults.pdf>])

** Conference Paper **
Before submitting the final camera ready copy, remember to:

 1. Manually equalize the lengths of two columns on the last page
 of your paper;

 2. Ensure that any PostScript and/or PDF output post-processing
 uses only Type 1 fonts and that every step in the generation
 process uses the US letter (8.5in X 11in) paper size.

[6

] (MosquitoDroneHardware.aux)

LaTeX Warning: There were multiply-defined labels.

 ) 
Here is how much of TeX's memory you used:
 3126 strings out of 493634
 43586 string characters out of 3141318
 122260 words of memory out of 3000000
 6478 multiletter control sequences out of 15000+200000
 40808 words of font info for 81 fonts, out of 3000000 for 9000
 1025 hyphenation exceptions out of 8191
 41i,11n,35p,1010b,295s stack positions out of 5000i,500n,10000p,200000b,50000s
{C:/Program Files (x86)/MiKTeX 2.9/fonts/enc/dvips/fontname/8r.enc}<C:/Progra
m Files (x86)/MiKTeX 2.9/fonts/type1/public/amsfonts/cm/cmex10.pfb><C:/Program 
Files (x86)/MiKTeX 2.9/fonts/type1/public/amsfonts/cm/cmmi10.pfb><C:/Program Fi
les (x86)/MiKTeX 2.9/fonts/type1/public/amsfonts/cm/cmmi5.pfb><C:/Program Files
 (x86)/MiKTeX 2.9/fonts/type1/public/amsfonts/cm/cmmi6.pfb><C:/Program Files (x
86)/MiKTeX 2.9/fonts/type1/public/amsfonts/cm/cmmi7.pfb><C:/Program Files (x86)
/MiKTeX 2.9/fonts/type1/public/amsfonts/cm/cmmi8.pfb><C:/Program Files (x86)/Mi
KTeX 2.9/fonts/type1/public/amsfonts/cm/cmr10.pfb><C:/Program Files (x86)/MiKTe
X 2.9/fonts/type1/public/amsfonts/cm/cmr5.pfb><C:/Program Files (x86)/MiKTeX 2.
9/fonts/type1/public/amsfonts/cm/cmr7.pfb><C:/Program Files (x86)/MiKTeX 2.9/fo
nts/type1/public/amsfonts/cm/cmsy10.pfb><C:/Program Files (x86)/MiKTeX 2.9/font
s/type1/public/amsfonts/cm/cmsy8.pfb><C:/Program Files (x86)/MiKTeX 2.9/fonts/t
ype1/urw/courier/ucrr8a.pfb><C:/Program Files (x86)/MiKTeX 2.9/fonts/type1/urw/
times/utmb8a.pfb><C:/Program Files (x86)/MiKTeX 2.9/fonts/type1/urw/times/utmbi
8a.pfb><C:/Program Files (x86)/MiKTeX 2.9/fonts/type1/urw/times/utmr8a.pfb><C:/
Program Files (x86)/MiKTeX 2.9/fonts/type1/urw/times/utmri8a.pfb>
Output written on MosquitoDroneHardware.pdf (6 pages, 1323982 bytes).
PDF statistics:
 798 PDF objects out of 1000 (max. 8388607)
 0 named destinations out of 1000 (max. 500000)
 51 words of extra memory for PDF output out of 10000 (max. 10000000)

